#
# A fatal error has been detected by the Java Runtime Environment:
#
#  EXCEPTION_ACCESS_VIOLATION (0xc0000005) at pc=0x000007fed529eadb, pid=5708, tid=4168
#
# JRE version: OpenJDK Runtime Environment (11.0+28) (build 11+28)
# Java VM: OpenJDK 64-Bit Server VM (11+28, mixed mode, tiered, compressed oops, g1 gc, windows-amd64)
# Problematic frame:
# V  [jvm.dll+0x6beadb]
#
# No core dump will be written. Minidumps are not enabled by default on client versions of Windows
#
# If you would like to submit a bug report, please visit:
#   http://bugreport.java.com/bugreport/crash.jsp
#

---------------  S U M M A R Y ------------

Command Line: -agentlib:jdwp=transport=dt_socket,suspend=y,address=localhost:50978 -javaagent:C:\Users\lonelysunshine\eclipse\java-2019-06\eclipse\configuration\org.eclipse.osgi\226\0\.cp\lib\javaagent-shaded.jar -Dfile.encoding=GBK application.Writer

Host: Intel(R) Core(TM) i5-4250U CPU @ 1.30GHz, 4 cores, 3G,  Windows 7 , 64 bit Build 7601 (6.1.7601.24384)
Time: Wed Apr 22 20:22:27 2020 ?D2???¨¢?¨º¡À elapsed time: 345 seconds (0d 0h 5m 45s)

---------------  T H R E A D  ---------------

Current thread (0x000000005f670000):  VMThread "VM Thread" [stack: 0x000000005f860000,0x000000005f960000] [id=4168]

Stack: [0x000000005f860000,0x000000005f960000],  sp=0x000000005f95f100,  free space=1020k
Native frames: (J=compiled Java code, j=interpreted, Vv=VM code, C=native code)
V  [jvm.dll+0x6beadb]
V  [jvm.dll+0x3434a3]
V  [jvm.dll+0x345409]
V  [jvm.dll+0x345c8e]
V  [jvm.dll+0x34314c]
V  [jvm.dll+0x3423d2]
V  [jvm.dll+0x629ec5]
V  [jvm.dll+0x629c4d]
V  [jvm.dll+0x5ef91a]
V  [jvm.dll+0x502e47]
V  [jvm.dll+0x78054c]
V  [jvm.dll+0x77ea07]
V  [jvm.dll+0x77f230]
V  [jvm.dll+0x77f53f]
V  [jvm.dll+0x639e42]
C  [ucrtbase.DLL+0x1d885]
C  [kernel32.dll+0x1570d]
C  [ntdll.dll+0x5385d]


siginfo: EXCEPTION_ACCESS_VIOLATION (0xc0000005), reading address 0x0000000000000006


Register to memory mapping:

RIP=0x000007fed529eadb jvm.dll
RAX=0x000000005f95f190 points into unknown readable memory
RBX=0x000000005f95f160 points into unknown readable memory
RCX=0x0 is NULL
RDX=0x0 is NULL
RSP=0x000000005f95f100 points into unknown readable memory
RBP=0x000000005f95f670 points into unknown readable memory
RSI=0x0 is NULL
RDI=0x0 is NULL
R8 =0x0 is NULL
R9 =0x000000005f5c0da0 is pointing into metadata
R10=0x0 is NULL
R11=0x0000000047000000 is an unknown value
R12=0x000000005f650150 points into unknown readable memory
R13=0x0 is NULL
R14=0x000000005f5c1ab9 is pointing into metadata
R15=0x000000000000002f is an unknown value


Registers:
RAX=0x000000005f95f190, RBX=0x000000005f95f160, RCX=0x0000000000000000, RDX=0x0000000000000000
RSP=0x000000005f95f100, RBP=0x000000005f95f670, RSI=0x0000000000000000, RDI=0x0000000000000000
R8 =0x0000000000000000, R9 =0x000000005f5c0da0, R10=0x0000000000000000, R11=0x0000000047000000
R12=0x000000005f650150, R13=0x0000000000000000, R14=0x000000005f5c1ab9, R15=0x000000000000002f
RIP=0x000007fed529eadb, EFLAGS=0x0000000000010246

Top of Stack: (sp=0x000000005f95f100)
0x000000005f95f100:   000000005f95f160 0000000000000000
0x000000005f95f110:   0000000000000000 000007fed529f05b
0x000000005f95f120:   0000000000000000 000007fed4f234a3
0x000000005f95f130:   0000000000000000 000000005f95f7e0
0x000000005f95f140:   000000005f95f710 000007fef00807ff
0x000000005f95f150:   0000000000390000 0000000002000002
0x000000005f95f160:   000007fed5474768 0000000000000000
0x000000005f95f170:   0000000000000000 000007fe0000000e
0x000000005f95f180:   000000005f95f190 0000000000000000
0x000000005f95f190:   0000000000000000 0000000076db3e8c
0x000000005f95f1a0:   4fffffff4fffffff 000000005f95f7a8
0x000000005f95f1b0:   0000000000000000 000007fee9c46642
0x000000005f95f1c0:   000000005f95f340 000000005f95f368
0x000000005f95f1d0:   00000000ffffffff 0000000000000002
0x000000005f95f1e0:   000000005f95f340 000007fee9c46485
0x000000005f95f1f0:   003900094fffff00 0000000000000001 

Instructions: (pc=0x000007fed529eadb)
0x000007fed529eabb:   cc cc cc cc cc 40 53 48 83 ec 20 c7 41 10 00 00
0x000007fed529eacb:   00 00 48 8b d9 48 89 7c 24 38 48 8b 79 08 33 c9
0x000007fed529eadb:   80 7f 06 28 74 26 44 8d 49 28 8d 51 35 48 8d 0d
0x000007fed529eaeb:   f1 42 22 00 4c 8d 05 da 42 22 00 e8 e5 36 ba ff 


VM_Operation (0x0000000060dbf4e0): GetOrSetLocal, mode: safepoint, requested by thread 0x000000006054a000


---------------  P R O C E S S  ---------------

Threads class SMR info:
_java_thread_list=0x00000000607b18d0, length=13, elements={
0x0000000000416000, 0x000000005f6b7800, 0x000000005f6b8000, 0x000000005f6e2000,
0x000000005f6e5800, 0x000000005f6e7800, 0x000000005f6ed800, 0x000000005f6f9800,
0x000000001ea2d800, 0x000000006054a000, 0x0000000060723000, 0x0000000060724000,
0x00000000611a5000
}

Java Threads: ( => current thread )
  0x0000000000416000 JavaThread "main" [_thread_blocked, id=7612, stack(0x0000000001ed0000,0x0000000001fd0000)]
  0x000000005f6b7800 JavaThread "Reference Handler" daemon [_thread_blocked, id=11160, stack(0x000000001eba0000,0x000000001eca0000)]
  0x000000005f6b8000 JavaThread "Finalizer" daemon [_thread_blocked, id=8772, stack(0x000000005fa00000,0x000000005fb00000)]
  0x000000005f6e2000 JavaThread "Signal Dispatcher" daemon [_thread_blocked, id=10384, stack(0x000000005fb40000,0x000000005fc40000)]
  0x000000005f6e5800 JavaThread "Attach Listener" daemon [_thread_blocked, id=4960, stack(0x000000005fd20000,0x000000005fe20000)]
  0x000000005f6e7800 JavaThread "C2 CompilerThread0" daemon [_thread_blocked, id=5748, stack(0x000000005feb0000,0x000000005ffb0000)]
  0x000000005f6ed800 JavaThread "C1 CompilerThread0" daemon [_thread_blocked, id=8760, stack(0x0000000060190000,0x0000000060290000)]
  0x000000005f6f9800 JavaThread "Sweeper thread" daemon [_thread_blocked, id=7592, stack(0x00000000602f0000,0x00000000603f0000)]
  0x000000001ea2d800 JavaThread "Common-Cleaner" daemon [_thread_blocked, id=2384, stack(0x0000000060830000,0x0000000060930000)]
  0x000000006054a000 JavaThread "JDWP Transport Listener: dt_socket" daemon [_thread_blocked, id=3044, stack(0x0000000060cc0000,0x0000000060dc0000)] _threads_hazard_ptr=0x00000000607b18d0
  0x0000000060723000 JavaThread "JDWP Event Helper Thread" daemon [_thread_blocked, id=8756, stack(0x0000000060e50000,0x0000000060f50000)]
  0x0000000060724000 JavaThread "JDWP Command Reader" daemon [_thread_in_native, id=3252, stack(0x0000000061030000,0x0000000061130000)]
  0x00000000611a5000 JavaThread "Service Thread" daemon [_thread_blocked, id=3712, stack(0x0000000061a20000,0x0000000061b20000)]

Other Threads:
=>0x000000005f670000 VMThread "VM Thread" [stack: 0x000000005f860000,0x000000005f960000] [id=4168]
  0x00000000611ae000 WatcherThread [stack: 0x0000000061b30000,0x0000000061c30000] [id=11156]
  0x000000000042d800 GCTaskThread "GC Thread#0" [stack: 0x00000000196a0000,0x00000000197a0000] [id=2884]
  0x0000000000446800 ConcurrentGCThread "G1 Main Marker" [stack: 0x000000001c230000,0x000000001c330000] [id=6108]
  0x000000000044b000 ConcurrentGCThread "G1 Conc#0" [stack: 0x000000001c410000,0x000000001c510000] [id=4292]
  0x000000001e960800 ConcurrentGCThread "G1 Refine#0" [stack: 0x000000001eaa0000,0x000000001eba0000] [id=7232]
  0x000000000048c000 ConcurrentGCThread "G1 Young RemSet Sampling" [stack: 0x000000001ecd0000,0x000000001edd0000] [id=4496]

Threads with active compile tasks:

VM state:at safepoint (normal execution)

VM Mutex/Monitor currently owned by a thread:  ([mutex/lock_event])
[0x000000000040d3e0] Threads_lock - owner thread: 0x000000005f670000

Heap address: 0x00000000c0e00000, size: 1010 MB, Compressed Oops mode: 32-bit
Narrow klass base: 0x0000000000000000, Narrow klass shift: 0
Compressed class space size: 1073741824 Address: 0x000000001edd0000

Heap:
 garbage-first heap   total 65536K, used 7168K [0x00000000c0e00000, 0x0000000100000000)
  region size 1024K, 9 young (9216K), 0 survivors (0K)
 Metaspace       used 9278K, capacity 9422K, committed 9600K, reserved 1058816K
  class space    used 803K, capacity 838K, committed 896K, reserved 1048576K
Heap Regions: E=young(eden), S=young(survivor), O=old, HS=humongous(starts), HC=humongous(continues), CS=collection set, F=free, A=archive, TAMS=top-at-mark-start (previous, next)
|   0|0x00000000c0e00000, 0x00000000c0e00000, 0x00000000c0f00000|  0%| F|  |TAMS 0x00000000c0e00000, 0x00000000c0e00000| Untracked 
|   1|0x00000000c0f00000, 0x00000000c0f00000, 0x00000000c1000000|  0%| F|  |TAMS 0x00000000c0f00000, 0x00000000c0f00000| Untracked 
|   2|0x00000000c1000000, 0x00000000c1000000, 0x00000000c1100000|  0%| F|  |TAMS 0x00000000c1000000, 0x00000000c1000000| Untracked 
|   3|0x00000000c1100000, 0x00000000c1100000, 0x00000000c1200000|  0%| F|  |TAMS 0x00000000c1100000, 0x00000000c1100000| Untracked 
|   4|0x00000000c1200000, 0x00000000c1200000, 0x00000000c1300000|  0%| F|  |TAMS 0x00000000c1200000, 0x00000000c1200000| Untracked 
|   5|0x00000000c1300000, 0x00000000c1300000, 0x00000000c1400000|  0%| F|  |TAMS 0x00000000c1300000, 0x00000000c1300000| Untracked 
|   6|0x00000000c1400000, 0x00000000c1400000, 0x00000000c1500000|  0%| F|  |TAMS 0x00000000c1400000, 0x00000000c1400000| Untracked 
|   7|0x00000000c1500000, 0x00000000c1500000, 0x00000000c1600000|  0%| F|  |TAMS 0x00000000c1500000, 0x00000000c1500000| Untracked 
|   8|0x00000000c1600000, 0x00000000c1600000, 0x00000000c1700000|  0%| F|  |TAMS 0x00000000c1600000, 0x00000000c1600000| Untracked 
|   9|0x00000000c1700000, 0x00000000c1700000, 0x00000000c1800000|  0%| F|  |TAMS 0x00000000c1700000, 0x00000000c1700000| Untracked 
|  10|0x00000000c1800000, 0x00000000c1800000, 0x00000000c1900000|  0%| F|  |TAMS 0x00000000c1800000, 0x00000000c1800000| Untracked 
|  11|0x00000000c1900000, 0x00000000c1900000, 0x00000000c1a00000|  0%| F|  |TAMS 0x00000000c1900000, 0x00000000c1900000| Untracked 
|  12|0x00000000c1a00000, 0x00000000c1a00000, 0x00000000c1b00000|  0%| F|  |TAMS 0x00000000c1a00000, 0x00000000c1a00000| Untracked 
|  13|0x00000000c1b00000, 0x00000000c1b00000, 0x00000000c1c00000|  0%| F|  |TAMS 0x00000000c1b00000, 0x00000000c1b00000| Untracked 
|  14|0x00000000c1c00000, 0x00000000c1c00000, 0x00000000c1d00000|  0%| F|  |TAMS 0x00000000c1c00000, 0x00000000c1c00000| Untracked 
|  15|0x00000000c1d00000, 0x00000000c1d00000, 0x00000000c1e00000|  0%| F|  |TAMS 0x00000000c1d00000, 0x00000000c1d00000| Untracked 
|  16|0x00000000c1e00000, 0x00000000c1e00000, 0x00000000c1f00000|  0%| F|  |TAMS 0x00000000c1e00000, 0x00000000c1e00000| Untracked 
|  17|0x00000000c1f00000, 0x00000000c1f00000, 0x00000000c2000000|  0%| F|  |TAMS 0x00000000c1f00000, 0x00000000c1f00000| Untracked 
|  18|0x00000000c2000000, 0x00000000c2000000, 0x00000000c2100000|  0%| F|  |TAMS 0x00000000c2000000, 0x00000000c2000000| Untracked 
|  19|0x00000000c2100000, 0x00000000c2100000, 0x00000000c2200000|  0%| F|  |TAMS 0x00000000c2100000, 0x00000000c2100000| Untracked 
|  20|0x00000000c2200000, 0x00000000c2200000, 0x00000000c2300000|  0%| F|  |TAMS 0x00000000c2200000, 0x00000000c2200000| Untracked 
|  21|0x00000000c2300000, 0x00000000c2300000, 0x00000000c2400000|  0%| F|  |TAMS 0x00000000c2300000, 0x00000000c2300000| Untracked 
|  22|0x00000000c2400000, 0x00000000c2400000, 0x00000000c2500000|  0%| F|  |TAMS 0x00000000c2400000, 0x00000000c2400000| Untracked 
|  23|0x00000000c2500000, 0x00000000c2500000, 0x00000000c2600000|  0%| F|  |TAMS 0x00000000c2500000, 0x00000000c2500000| Untracked 
|  24|0x00000000c2600000, 0x00000000c2600000, 0x00000000c2700000|  0%| F|  |TAMS 0x00000000c2600000, 0x00000000c2600000| Untracked 
|  25|0x00000000c2700000, 0x00000000c2700000, 0x00000000c2800000|  0%| F|  |TAMS 0x00000000c2700000, 0x00000000c2700000| Untracked 
|  26|0x00000000c2800000, 0x00000000c2800000, 0x00000000c2900000|  0%| F|  |TAMS 0x00000000c2800000, 0x00000000c2800000| Untracked 
|  27|0x00000000c2900000, 0x00000000c2900000, 0x00000000c2a00000|  0%| F|  |TAMS 0x00000000c2900000, 0x00000000c2900000| Untracked 
|  28|0x00000000c2a00000, 0x00000000c2a00000, 0x00000000c2b00000|  0%| F|  |TAMS 0x00000000c2a00000, 0x00000000c2a00000| Untracked 
|  29|0x00000000c2b00000, 0x00000000c2b00000, 0x00000000c2c00000|  0%| F|  |TAMS 0x00000000c2b00000, 0x00000000c2b00000| Untracked 
|  30|0x00000000c2c00000, 0x00000000c2c00000, 0x00000000c2d00000|  0%| F|  |TAMS 0x00000000c2c00000, 0x00000000c2c00000| Untracked 
|  31|0x00000000c2d00000, 0x00000000c2d00000, 0x00000000c2e00000|  0%| F|  |TAMS 0x00000000c2d00000, 0x00000000c2d00000| Untracked 
|  32|0x00000000c2e00000, 0x00000000c2e00000, 0x00000000c2f00000|  0%| F|  |TAMS 0x00000000c2e00000, 0x00000000c2e00000| Untracked 
|  33|0x00000000c2f00000, 0x00000000c2f00000, 0x00000000c3000000|  0%| F|  |TAMS 0x00000000c2f00000, 0x00000000c2f00000| Untracked 
|  34|0x00000000c3000000, 0x00000000c3000000, 0x00000000c3100000|  0%| F|  |TAMS 0x00000000c3000000, 0x00000000c3000000| Untracked 
|  35|0x00000000c3100000, 0x00000000c3100000, 0x00000000c3200000|  0%| F|  |TAMS 0x00000000c3100000, 0x00000000c3100000| Untracked 
|  36|0x00000000c3200000, 0x00000000c3200000, 0x00000000c3300000|  0%| F|  |TAMS 0x00000000c3200000, 0x00000000c3200000| Untracked 
|  37|0x00000000c3300000, 0x00000000c3300000, 0x00000000c3400000|  0%| F|  |TAMS 0x00000000c3300000, 0x00000000c3300000| Untracked 
|  38|0x00000000c3400000, 0x00000000c3400000, 0x00000000c3500000|  0%| F|  |TAMS 0x00000000c3400000, 0x00000000c3400000| Untracked 
|  39|0x00000000c3500000, 0x00000000c3500000, 0x00000000c3600000|  0%| F|  |TAMS 0x00000000c3500000, 0x00000000c3500000| Untracked 
|  40|0x00000000c3600000, 0x00000000c3600000, 0x00000000c3700000|  0%| F|  |TAMS 0x00000000c3600000, 0x00000000c3600000| Untracked 
|  41|0x00000000c3700000, 0x00000000c3700000, 0x00000000c3800000|  0%| F|  |TAMS 0x00000000c3700000, 0x00000000c3700000| Untracked 
|  42|0x00000000c3800000, 0x00000000c3800000, 0x00000000c3900000|  0%| F|  |TAMS 0x00000000c3800000, 0x00000000c3800000| Untracked 
|  43|0x00000000c3900000, 0x00000000c3900000, 0x00000000c3a00000|  0%| F|  |TAMS 0x00000000c3900000, 0x00000000c3900000| Untracked 
|  44|0x00000000c3a00000, 0x00000000c3a00000, 0x00000000c3b00000|  0%| F|  |TAMS 0x00000000c3a00000, 0x00000000c3a00000| Untracked 
|  45|0x00000000c3b00000, 0x00000000c3b00000, 0x00000000c3c00000|  0%| F|  |TAMS 0x00000000c3b00000, 0x00000000c3b00000| Untracked 
|  46|0x00000000c3c00000, 0x00000000c3c00000, 0x00000000c3d00000|  0%| F|  |TAMS 0x00000000c3c00000, 0x00000000c3c00000| Untracked 
|  47|0x00000000c3d00000, 0x00000000c3d00000, 0x00000000c3e00000|  0%| F|  |TAMS 0x00000000c3d00000, 0x00000000c3d00000| Untracked 
|  48|0x00000000c3e00000, 0x00000000c3e00000, 0x00000000c3f00000|  0%| F|  |TAMS 0x00000000c3e00000, 0x00000000c3e00000| Untracked 
|  49|0x00000000c3f00000, 0x00000000c3f00000, 0x00000000c4000000|  0%| F|  |TAMS 0x00000000c3f00000, 0x00000000c3f00000| Untracked 
|  50|0x00000000c4000000, 0x00000000c4000000, 0x00000000c4100000|  0%| F|  |TAMS 0x00000000c4000000, 0x00000000c4000000| Untracked 
|  51|0x00000000c4100000, 0x00000000c4100000, 0x00000000c4200000|  0%| F|  |TAMS 0x00000000c4100000, 0x00000000c4100000| Untracked 
|  52|0x00000000c4200000, 0x00000000c4200000, 0x00000000c4300000|  0%| F|  |TAMS 0x00000000c4200000, 0x00000000c4200000| Untracked 
|  53|0x00000000c4300000, 0x00000000c4300000, 0x00000000c4400000|  0%| F|  |TAMS 0x00000000c4300000, 0x00000000c4300000| Untracked 
|  54|0x00000000c4400000, 0x00000000c4400000, 0x00000000c4500000|  0%| F|  |TAMS 0x00000000c4400000, 0x00000000c4400000| Untracked 
|  55|0x00000000c4500000, 0x00000000c4549010, 0x00000000c4600000| 28%| E|  |TAMS 0x00000000c4500000, 0x00000000c4500000| Complete 
|  56|0x00000000c4600000, 0x00000000c4700000, 0x00000000c4700000|100%| E|CS|TAMS 0x00000000c4600000, 0x00000000c4600000| Complete 
|  57|0x00000000c4700000, 0x00000000c4800000, 0x00000000c4800000|100%| E|CS|TAMS 0x00000000c4700000, 0x00000000c4700000| Complete 
|  58|0x00000000c4800000, 0x00000000c4900000, 0x00000000c4900000|100%| E|CS|TAMS 0x00000000c4800000, 0x00000000c4800000| Complete 
|  59|0x00000000c4900000, 0x00000000c4a00000, 0x00000000c4a00000|100%| E|CS|TAMS 0x00000000c4900000, 0x00000000c4900000| Complete 
|  60|0x00000000c4a00000, 0x00000000c4b00000, 0x00000000c4b00000|100%| E|CS|TAMS 0x00000000c4a00000, 0x00000000c4a00000| Complete 
|  61|0x00000000c4b00000, 0x00000000c4c00000, 0x00000000c4c00000|100%| E|  |TAMS 0x00000000c4b00000, 0x00000000c4b00000| Complete 
|  62|0x00000000c4c00000, 0x00000000c4d00000, 0x00000000c4d00000|100%| E|CS|TAMS 0x00000000c4c00000, 0x00000000c4c00000| Complete 
|  63|0x00000000c4d00000, 0x00000000c4e00000, 0x00000000c4e00000|100%| E|CS|TAMS 0x00000000c4d00000, 0x00000000c4d00000| Complete 

Card table byte_map: [0x0000000019de0000,0x0000000019fe0000] _byte_map_base: 0x00000000197d9000

Marking Bits (Prev, Next): (CMBitMap*) 0x0000000000442088, (CMBitMap*) 0x00000000004420c0
 Prev Bits: [0x000000001a1e0000, 0x000000001b1a8000)
 Next Bits: [0x000000001b1b0000, 0x000000001c178000)

Polling page: 0x0000000000090000

Metaspace:

Usage:
  Non-class:      8.38 MB capacity,     8.28 MB ( 99%) used,   102.47 KB (  1%) free+waste,     7.38 KB ( <1%) overhead. 
      Class:    838.00 KB capacity,   803.91 KB ( 96%) used,    31.34 KB (  4%) free+waste,     2.75 KB ( <1%) overhead. 
       Both:      9.20 MB capacity,     9.06 MB ( 98%) used,   133.80 KB (  1%) free+waste,    10.13 KB ( <1%) overhead. 

Virtual space:
  Non-class space:       10.00 MB reserved,       8.50 MB ( 85%) committed 
      Class space:        1.00 GB reserved,     896.00 KB ( <1%) committed 
             Both:        1.01 GB reserved,       9.38 MB ( <1%) committed 

Chunk freelists:
   Non-Class:  7.00 KB
       Class:  3.25 KB
        Both:  10.25 KB

CodeHeap 'non-profiled nmethods': size=120064Kb used=178Kb max_used=178Kb free=119885Kb
 bounds [0x0000000012140000, 0x00000000123b0000, 0x0000000019680000]
CodeHeap 'profiled nmethods': size=120000Kb used=1000Kb max_used=1000Kb free=118999Kb
 bounds [0x000000000ac10000, 0x000000000ae80000, 0x0000000012140000]
CodeHeap 'non-nmethods': size=5696Kb used=1147Kb max_used=1162Kb free=4548Kb
 bounds [0x000000000a680000, 0x000000000a8f0000, 0x000000000ac10000]
 total_blobs=1071 nmethods=553 adapters=281
 compilation: enabled
              stopped_count=0, restarted_count=0
 full_count=0

Compilation events (10 events):
Event: 194.166 Thread 0x000000005f6ed800  549       3       org.eclipse.jdt.launching.internal.org.objectweb.asm.MethodWriter::visitFrame (787 bytes)
Event: 194.175 Thread 0x000000005f6ed800 nmethod 549 0x000000000acff890 code [0x000000000acffda0, 0x000000000ad02070]
Event: 194.175 Thread 0x000000005f6ed800  550       3       org.eclipse.jdt.launching.internal.org.objectweb.asm.ClassReader::readConst (276 bytes)
Event: 194.180 Thread 0x000000005f6ed800 nmethod 550 0x000000000ad03010 code [0x000000000ad03540, 0x000000000ad05f50]
Event: 221.186 Thread 0x000000005f6ed800  551       3       org.eclipse.jdt.launching.internal.org.objectweb.asm.MethodWriter::visitLdcInsn (215 bytes)
Event: 221.187 Thread 0x000000005f6ed800 nmethod 551 0x000000000ad07110 code [0x000000000ad073a0, 0x000000000ad07f30]
Event: 320.284 Thread 0x000000005f6e7800  552       4       org.eclipse.jdt.launching.internal.org.objectweb.asm.ByteVector::putUTF8 (144 bytes)
Event: 320.284 Thread 0x000000005f6ed800  553       3       org.eclipse.jdt.launching.internal.org.objectweb.asm.ClassReader::readStackMapFrame (535 bytes)
Event: 320.287 Thread 0x000000005f6ed800 nmethod 553 0x000000000ad08410 code [0x000000000ad086e0, 0x000000000ad099a0]
Event: 320.294 Thread 0x000000005f6e7800 nmethod 552 0x000000001216bd10 code [0x000000001216bee0, 0x000000001216c508]

GC Heap History (0 events):
No events

Deoptimization events (2 events):
Event: 0.579 Thread 0x0000000000416000 Uncommon trap: reason=unstable_if action=reinterpret pc=0x0000000012148718 method=java.lang.String.hashCode()I @ 22 c2
Event: 0.579 Thread 0x0000000000416000 Uncommon trap: reason=unstable_if action=reinterpret pc=0x00000000121443f0 method=java.lang.String.charAt(I)C @ 4 c2

Classes redefined (7 events):
Event: 21.903 Thread 0x000000005f670000 redefined class name=application.Writer, count=1
Event: 31.272 Thread 0x000000005f670000 redefined class name=application.Writer, count=2
Event: 68.429 Thread 0x000000005f670000 redefined class name=application.Writer, count=3
Event: 111.088 Thread 0x000000005f670000 redefined class name=application.Writer, count=4
Event: 194.169 Thread 0x000000005f670000 redefined class name=application.Writer, count=5
Event: 221.190 Thread 0x000000005f670000 redefined class name=application.Writer, count=6
Event: 320.291 Thread 0x000000005f670000 redefined class name=application.Writer, count=7

Internal exceptions (0 events):
No events

Events (10 events):
Event: 320.301 Executing VM operation: GetFrameCount done
Event: 320.301 Executing VM operation: GetStackTrace
Event: 320.301 Executing VM operation: GetStackTrace done
Event: 320.317 Executing VM operation: GetFrameCount
Event: 320.317 Executing VM operation: GetFrameCount done
Event: 320.317 Executing VM operation: GetOwnedMonitorInfo
Event: 320.317 Executing VM operation: GetOwnedMonitorInfo done
Event: 320.317 Executing VM operation: GetCurrentContendedMonitor
Event: 320.317 Executing VM operation: GetCurrentContendedMonitor done
Event: 345.284 Executing VM operation: GetOrSetLocal


Dynamic libraries:
0x000000013f230000 - 0x000000013f275000 	C:\Program Files\Java\jdk-11\bin\javaw.exe
0x0000000076ce0000 - 0x0000000076e7f000 	C:\Windows\SYSTEM32\ntdll.dll
0x0000000076bc0000 - 0x0000000076cdf000 	C:\Windows\system32\kernel32.dll
0x000007fefcc60000 - 0x000007fefccca000 	C:\Windows\system32\KERNELBASE.dll
0x0000000076ac0000 - 0x0000000076bba000 	C:\Windows\system32\USER32.dll
0x000007fefcfe0000 - 0x000007fefd047000 	C:\Windows\system32\GDI32.dll
0x000007fefefc0000 - 0x000007fefefce000 	C:\Windows\system32\LPK.dll
0x000007fefe5a0000 - 0x000007fefe66a000 	C:\Windows\system32\USP10.dll
0x000007fefcf40000 - 0x000007fefcfdf000 	C:\Windows\system32\msvcrt.dll
0x000007fefafc0000 - 0x000007fefb1b4000 	C:\Windows\WinSxS\amd64_microsoft.windows.common-controls_6595b64144ccf1df_6.0.7601.18837_none_fa3b1e3d17594757\COMCTL32.dll
0x000007fefd050000 - 0x000007fefd0c1000 	C:\Windows\system32\SHLWAPI.dll
0x000007fefe570000 - 0x000007fefe59e000 	C:\Windows\system32\IMM32.DLL
0x000007fefe450000 - 0x000007fefe559000 	C:\Windows\system32\MSCTF.dll
0x000007fef7950000 - 0x000007fef7953000 	C:\Windows\system32\api-ms-win-core-synch-l1-2-0.DLL
0x000007feece60000 - 0x000007feece76000 	C:\Program Files\Java\jdk-11\bin\vcruntime140.dll
0x000007fefaf90000 - 0x000007fefaf94000 	C:\Program Files\Java\jdk-11\bin\api-ms-win-crt-runtime-l1-1-0.dll
0x000007fee9c40000 - 0x000007fee9d36000 	C:\Program Files\Java\jdk-11\bin\ucrtbase.DLL
0x000007fefa4f0000 - 0x000007fefa4f3000 	C:\Program Files\Java\jdk-11\bin\api-ms-win-core-localization-l1-2-0.dll
0x000007fefa490000 - 0x000007fefa493000 	C:\Program Files\Java\jdk-11\bin\api-ms-win-core-processthreads-l1-1-1.dll
0x000007fefa4d0000 - 0x000007fefa4d3000 	C:\Program Files\Java\jdk-11\bin\api-ms-win-core-file-l1-2-0.dll
0x000007fef9180000 - 0x000007fef9183000 	C:\Program Files\Java\jdk-11\bin\api-ms-win-core-timezone-l1-1-0.dll
0x000007fefa270000 - 0x000007fefa273000 	C:\Program Files\Java\jdk-11\bin\api-ms-win-core-file-l2-1-0.dll
0x000007fef8e00000 - 0x000007fef8e04000 	C:\Program Files\Java\jdk-11\bin\api-ms-win-crt-string-l1-1-0.dll
0x000007fef8e30000 - 0x000007fef8e33000 	C:\Program Files\Java\jdk-11\bin\api-ms-win-crt-heap-l1-1-0.dll
0x000007feed5e0000 - 0x000007feed5e4000 	C:\Program Files\Java\jdk-11\bin\api-ms-win-crt-stdio-l1-1-0.dll
0x000007fef5100000 - 0x000007fef5104000 	C:\Program Files\Java\jdk-11\bin\api-ms-win-crt-convert-l1-1-0.dll
0x000007fee9d90000 - 0x000007fee9e3a000 	C:\Program Files\Java\jdk-11\bin\msvcp140.dll
0x000007feecfa0000 - 0x000007feecfa3000 	C:\Program Files\Java\jdk-11\bin\api-ms-win-crt-locale-l1-1-0.dll
0x000007feed010000 - 0x000007feed015000 	C:\Program Files\Java\jdk-11\bin\api-ms-win-crt-math-l1-1-0.dll
0x000007feecf30000 - 0x000007feecf35000 	C:\Program Files\Java\jdk-11\bin\api-ms-win-crt-multibyte-l1-1-0.dll
0x000007feecf20000 - 0x000007feecf23000 	C:\Program Files\Java\jdk-11\bin\api-ms-win-crt-time-l1-1-0.dll
0x000007feebab0000 - 0x000007feebab3000 	C:\Program Files\Java\jdk-11\bin\api-ms-win-crt-filesystem-l1-1-0.dll
0x000007feece50000 - 0x000007feece53000 	C:\Program Files\Java\jdk-11\bin\api-ms-win-crt-environment-l1-1-0.dll
0x000007feeb600000 - 0x000007feeb603000 	C:\Program Files\Java\jdk-11\bin\api-ms-win-crt-utility-l1-1-0.dll
0x000007fed4be0000 - 0x000007fed5721000 	C:\Program Files\Java\jdk-11\bin\server\jvm.dll
0x000007fefe050000 - 0x000007fefe12b000 	C:\Windows\system32\ADVAPI32.dll
0x000007fefe9a0000 - 0x000007fefe9bf000 	C:\Windows\SYSTEM32\sechost.dll
0x000007fefe320000 - 0x000007fefe44c000 	C:\Windows\system32\RPCRT4.dll
0x000007fef8d90000 - 0x000007fef8d99000 	C:\Windows\system32\WSOCK32.dll
0x000007fefe210000 - 0x000007fefe25d000 	C:\Windows\system32\WS2_32.dll
0x000007fefe560000 - 0x000007fefe568000 	C:\Windows\system32\NSI.dll
0x000007fefa990000 - 0x000007fefa9cb000 	C:\Windows\system32\WINMM.dll
0x000007fefbaf0000 - 0x000007fefbafc000 	C:\Windows\system32\VERSION.dll
0x0000000076e80000 - 0x0000000076e87000 	C:\Windows\system32\PSAPI.DLL
0x000007feeb5e0000 - 0x000007feeb5f1000 	C:\Program Files\Java\jdk-11\bin\verify.dll
0x000007fefb4b0000 - 0x000007fefb5d5000 	C:\Windows\system32\DBGHELP.DLL
0x000007fee9fe0000 - 0x000007feea008000 	C:\Program Files\Java\jdk-11\bin\java.dll
0x000007fee9d50000 - 0x000007fee9d87000 	C:\Program Files\Java\jdk-11\bin\jdwp.dll
0x000007feea170000 - 0x000007feea19f000 	C:\Program Files\Java\jdk-11\bin\instrument.dll
0x000007fee9fc0000 - 0x000007fee9fd6000 	C:\Program Files\Java\jdk-11\bin\zip.dll
0x000007feeb610000 - 0x000007feeb61a000 	C:\Program Files\Java\jdk-11\bin\jimage.dll
0x000007fefd260000 - 0x000007fefdfe9000 	C:\Windows\system32\SHELL32.dll
0x000007fefea60000 - 0x000007fefec63000 	C:\Windows\system32\ole32.dll
0x000007fefc9a0000 - 0x000007fefc9af000 	C:\Windows\system32\profapi.dll
0x000007feeb1a0000 - 0x000007feeb1aa000 	C:\Program Files\Java\jdk-11\bin\dt_socket.dll
0x000007fefc100000 - 0x000007fefc155000 	C:\Windows\System32\mswsock.dll
0x000007fefbf80000 - 0x000007fefbfdb000 	C:\Windows\system32\DNSAPI.dll
0x000000006d970000 - 0x000000006d996000 	C:\Program Files\Bonjour\mdnsNSP.dll
0x000007fefbb10000 - 0x000007fefbb37000 	C:\Windows\system32\Iphlpapi.DLL
0x000007fefbb00000 - 0x000007fefbb0b000 	C:\Windows\system32\WINNSI.DLL
0x000007fef9c90000 - 0x000007fef9ce3000 	C:\Windows\System32\fwpuclnt.dll
0x000007fef8bb0000 - 0x000007fef8bb8000 	C:\Windows\system32\rasadhlp.dll
0x000007fefc0f0000 - 0x000007fefc0f7000 	C:\Windows\System32\wship6.dll
0x000000001c330000 - 0x000000001c3ac000 	C:\Windows\system32\xunyount64.dll
0x000007fef9b10000 - 0x000007fef9b28000 	C:\Windows\system32\dhcpcsvc.DLL
0x000007fefbad0000 - 0x000007fefbad7000 	C:\Windows\System32\wshtcpip.dll
0x000007feea580000 - 0x000007feea599000 	C:\Program Files\Java\jdk-11\bin\net.dll
0x000007fef8760000 - 0x000007fef87d1000 	C:\Windows\system32\WINHTTP.dll
0x000007fef86f0000 - 0x000007fef8754000 	C:\Windows\system32\webio.dll
0x000007fee9ba0000 - 0x000007fee9bb3000 	C:\Program Files\Java\jdk-11\bin\nio.dll

dbghelp: loaded successfully - version: 4.0.5 - missing functions: none
symbol engine: initialized successfully - sym options: 0x614 - pdb path: .;C:\Program Files\Java\jdk-11\bin;C:\Windows\SYSTEM32;C:\Windows\WinSxS\amd64_microsoft.windows.common-controls_6595b64144ccf1df_6.0.7601.18837_none_fa3b1e3d17594757;C:\Program Files\Java\jdk-11\bin\server;C:\Program Files\Bonjour

VM Arguments:
jvm_args: -agentlib:jdwp=transport=dt_socket,suspend=y,address=localhost:50978 -javaagent:C:\Users\lonelysunshine\eclipse\java-2019-06\eclipse\configuration\org.eclipse.osgi\226\0\.cp\lib\javaagent-shaded.jar -Dfile.encoding=GBK 
java_command: application.Writer
java_class_path (initial): C:\Users\lonelysunshine\Desktop\program\javafx\javafx-sdk-11.0.2\lib\javafx.base.jar;C:\Users\lonelysunshine\Desktop\program\javafx\javafx-sdk-11.0.2\lib\javafx.controls.jar;C:\Users\lonelysunshine\Desktop\program\javafx\javafx-sdk-11.0.2\lib\javafx.fxml.jar;C:\Users\lonelysunshine\Desktop\program\javafx\javafx-sdk-11.0.2\lib\javafx.graphics.jar;C:\Users\lonelysunshine\Desktop\program\javafx\javafx-sdk-11.0.2\lib\javafx.media.jar;C:\Users\lonelysunshine\Desktop\program\javafx\javafx-sdk-11.0.2\lib\javafx.swing.jar;C:\Users\lonelysunshine\Desktop\program\javafx\javafx-sdk-11.0.2\lib\javafx.web.jar;C:\Users\lonelysunshine\Desktop\program\javafx\javafx-sdk-11.0.2\lib\javafx-swt.jar;C:\Users\lonelysunshine\.p2\pool\plugins\org.junit.jupiter.api_5.4.0.v20190212-2109.jar;C:\Users\lonelysunshine\.p2\pool\plugins\org.junit.jupiter.engine_5.4.0.v20190212-2109.jar;C:\Users\lonelysunshine\.p2\pool\plugins\org.junit.jupiter.migrationsupport_5.4.0.v20190212-2109.jar;C:\Users\lonelysunshine\.p2\pool\plugins\org.junit.jupiter.params_5.4.0.v20190212-2109.jar;C:\Users\lonelysunshine\.p2\pool\plugins\org.junit.platform.commons_1.4.0.v20190212-2109.jar;C:\Users\lonelysunshine\.p2\pool\plugins\org.junit.platform.engine_1.4.0.v20190212-2109.jar;C:\Users\lonelysunshine\.p2\pool\plugins\org.junit.platform.launcher_1.4.0.v20190212-2109.jar;C:\Users\lonelysunshine\.p2\pool\plugins\org.junit.platform.runner_1.4.0.v20190212-2109.jar;C:\Users\lonelysunshine\.p2\pool\plugins\org.junit.platform.suite.api_1.4.0.v20190212-2109.jar;C:\Users\lonelysunshine\.p2\pool\plugins\org.junit.vintage.engine_5.4.0.v20190212-2109.jar;C:\Users\lonelysunshine\.p2\pool\plugins\org.opentest4j_1.1.1.v20190212-2109.jar;C:\Users\lonelysunshine\.p2\pool\plugins\org.apiguardian_1.0.0.v20190212-2109.jar;C:\Users\lonelysunshine\.p2\pool\plugins\org.junit_4.12.0.v201504281640\junit.jar;C:\Users\lonelysunshine\.p2\pool\plugins\org.hamcrest.core_1.3.0.v20180420-1519.jar;C:\Users\lonelysunshine\De
Launcher Type: SUN_STANDARD

[Global flags]
     intx CICompilerCount                          = 3                                         {product} {ergonomic}
     uint ConcGCThreads                            = 1                                         {product} {ergonomic}
     uint G1ConcRefinementThreads                  = 4                                         {product} {ergonomic}
   size_t G1HeapRegionSize                         = 1048576                                   {product} {ergonomic}
    uintx GCDrainStackTargetSize                   = 64                                        {product} {ergonomic}
   size_t InitialHeapSize                          = 67108864                                  {product} {ergonomic}
   size_t MarkStackSize                            = 4194304                                   {product} {ergonomic}
   size_t MaxHeapSize                              = 1059061760                                {product} {ergonomic}
   size_t MaxNewSize                               = 635437056                                 {product} {ergonomic}
   size_t MinHeapDeltaBytes                        = 1048576                                   {product} {ergonomic}
    uintx NonNMethodCodeHeapSize                   = 5830092                                {pd product} {ergonomic}
    uintx NonProfiledCodeHeapSize                  = 122914074                              {pd product} {ergonomic}
    uintx ProfiledCodeHeapSize                     = 122914074                              {pd product} {ergonomic}
    uintx ReservedCodeCacheSize                    = 251658240                              {pd product} {ergonomic}
     bool SegmentedCodeCache                       = true                                      {product} {ergonomic}
     bool UseCompressedClassPointers               = true                                 {lp64_product} {ergonomic}
     bool UseCompressedOops                        = true                                 {lp64_product} {ergonomic}
     bool UseG1GC                                  = true                                      {product} {ergonomic}
     bool UseLargePagesIndividualAllocation        = false                                  {pd product} {ergonomic}

Logging:
Log output configuration:
 #0: stdout all=warning uptime,level,tags
 #1: stderr all=off uptime,level,tags

Environment Variables:
CLASSPATH=.
PATH=C:/Program Files/Java/jdk1.8.0_172/bin/../jre/bin/server;C:/Program Files/Java/jdk1.8.0_172/bin/../jre/bin;C:/Program Files/Java/jdk1.8.0_172/bin/../jre/lib/amd64;C:\Program Files\AdoptOpenJDK\jdk-11.0.6.10-hotspot\bin;C:\Program Files\mingw-w64\x86_64-8.1.0-posix-seh-rt_v6-rev0\mingw64\bin;C:\Program Files\PuTTY\;C:\Users\lonelysunshine\AppData\Local\Programs\Python\Python37\Scripts\;C:\Users\lonelysunshine\AppData\Local\Programs\Python\Python37\;C:\Users\lonelysunshine\AppData\Local\Programs\Microsoft VS Code\bin;C:\cygnus\cygwin-b20\H-i586-cygwin32\bin;C:\Users\lonelysunshine\AppData\Local\GitHubDesktop\bin;C:\Windows\system32;
USERNAME=lonelysunshine
OS=Windows_NT
PROCESSOR_IDENTIFIER=Intel64 Family 6 Model 69 Stepping 1, GenuineIntel



---------------  S Y S T E M  ---------------

OS: Windows 7 , 64 bit Build 7601 (6.1.7601.24384)

CPU:total 4 (initial active 4) (2 cores per cpu, 2 threads per core) family 6 model 69 stepping 1, cmov, cx8, fxsr, mmx, sse, sse2, sse3, ssse3, sse4.1, sse4.2, popcnt, avx, avx2, aes, clmul, erms, lzcnt, ht, tsc, tscinvbit, bmi1, bmi2, fma

Memory: 4k page, system-wide physical 4036M (810M free)
TotalPageFile size 8345M (AvailPageFile size 4131M)
current process WorkingSet (physical memory assigned to process): 47M, peak: 56M
current process commit charge ("private bytes"): 141M, peak: 151M

vm_info: OpenJDK 64-Bit Server VM (11+28) for windows-amd64 JRE (11+28), built on Aug 23 2018 03:04:58 by "mach5one" with MS VC++ 15.5 (VS2017)

END.
